0 info it worked if it ends with ok
1 verbose cli [ '/Users/yichengwang/.nvm/versions/node/v7.0.0/bin/node',
1 verbose cli   '/Users/yichengwang/.nvm/versions/node/v7.0.0/bin/npm',
1 verbose cli   'start' ]
2 info using npm@3.10.8
3 info using node@v7.0.0
4 verbose run-script [ 'prestart', 'start', 'poststart' ]
5 info lifecycle restful-api-documentation-example@0.0.0~prestart: restful-api-documentation-example@0.0.0
6 silly lifecycle restful-api-documentation-example@0.0.0~prestart: no script for prestart, continuing
7 info lifecycle restful-api-documentation-example@0.0.0~start: restful-api-documentation-example@0.0.0
8 verbose lifecycle restful-api-documentation-example@0.0.0~start: unsafe-perm in lifecycle true
9 verbose lifecycle restful-api-documentation-example@0.0.0~start: PATH: /Users/yichengwang/.nvm/versions/node/v7.0.0/lib/node_modules/npm/bin/node-gyp-bin:/Users/yichengwang/SHvsMK_GitHub/RESTful-API-Documentation-Example/node_modules/.bin:/Users/yichengwang/.rvm/gems/ruby-2.3.0/bin:/Users/yichengwang/.rvm/gems/ruby-2.3.0@global/bin:/Users/yichengwang/.rvm/rubies/ruby-2.3.0/bin:/Users/yichengwang/.nvm/versions/node/v7.0.0/bin:/Users/yichengwang/bin:/usr/local/bin:/usr/local/bin:/usr/bin:/bin:/usr/sbin:/sbin:/usr/local/mysql/bin:/opt/X11/bin:/usr/local/git/bin:/usr/local/go/bin:/Library/TeX/texbin:/Users/yichengwang/.rvm/bin
10 verbose lifecycle restful-api-documentation-example@0.0.0~start: CWD: /Users/yichengwang/SHvsMK_GitHub/RESTful-API-Documentation-Example
11 silly lifecycle restful-api-documentation-example@0.0.0~start: Args: [ '-c', 'node ./bin/www' ]
12 silly lifecycle restful-api-documentation-example@0.0.0~start: Returned: code: 1  signal: null
13 info lifecycle restful-api-documentation-example@0.0.0~start: Failed to exec start script
14 verbose stack Error: restful-api-documentation-example@0.0.0 start: `node ./bin/www`
14 verbose stack Exit status 1
14 verbose stack     at EventEmitter.<anonymous> (/Users/yichengwang/.nvm/versions/node/v7.0.0/lib/node_modules/npm/lib/utils/lifecycle.js:255:16)
14 verbose stack     at emitTwo (events.js:106:13)
14 verbose stack     at EventEmitter.emit (events.js:191:7)
14 verbose stack     at ChildProcess.<anonymous> (/Users/yichengwang/.nvm/versions/node/v7.0.0/lib/node_modules/npm/lib/utils/spawn.js:40:14)
14 verbose stack     at emitTwo (events.js:106:13)
14 verbose stack     at ChildProcess.emit (events.js:191:7)
14 verbose stack     at maybeClose (internal/child_process.js:877:16)
14 verbose stack     at Process.ChildProcess._handle.onexit (internal/child_process.js:226:5)
15 verbose pkgid restful-api-documentation-example@0.0.0
16 verbose cwd /Users/yichengwang/SHvsMK_GitHub/RESTful-API-Documentation-Example
17 error Darwin 15.6.0
18 error argv "/Users/yichengwang/.nvm/versions/node/v7.0.0/bin/node" "/Users/yichengwang/.nvm/versions/node/v7.0.0/bin/npm" "start"
19 error node v7.0.0
20 error npm  v3.10.8
21 error code ELIFECYCLE
22 error restful-api-documentation-example@0.0.0 start: `node ./bin/www`
22 error Exit status 1
23 error Failed at the restful-api-documentation-example@0.0.0 start script 'node ./bin/www'.
23 error Make sure you have the latest version of node.js and npm installed.
23 error If you do, this is most likely a problem with the restful-api-documentation-example package,
23 error not with npm itself.
23 error Tell the author that this fails on your system:
23 error     node ./bin/www
23 error You can get information on how to open an issue for this project with:
23 error     npm bugs restful-api-documentation-example
23 error Or if that isn't available, you can get their info via:
23 error     npm owner ls restful-api-documentation-example
23 error There is likely additional logging output above.
24 verbose exit [ 1, true ]
